mode: atomic
github.com/aaqaishtyaq/gmux/config.go:39.36,41.18 2 0
github.com/aaqaishtyaq/gmux/config.go:45.2,50.18 5 0
github.com/aaqaishtyaq/gmux/config.go:41.18,43.3 1 0
github.com/aaqaishtyaq/gmux/config.go:53.73,55.16 2 0
github.com/aaqaishtyaq/gmux/config.go:59.2,61.38 2 0
github.com/aaqaishtyaq/gmux/config.go:55.16,57.3 1 0
github.com/aaqaishtyaq/gmux/config.go:64.75,65.47 1 1
github.com/aaqaishtyaq/gmux/config.go:73.2,76.16 3 1
github.com/aaqaishtyaq/gmux/config.go:80.2,80.15 1 1
github.com/aaqaishtyaq/gmux/config.go:65.47,66.33 1 1
github.com/aaqaishtyaq/gmux/config.go:70.3,70.11 1 0
github.com/aaqaishtyaq/gmux/config.go:66.33,68.4 1 1
github.com/aaqaishtyaq/gmux/config.go:76.16,78.3 1 0
github.com/aaqaishtyaq/gmux/config.go:83.48,87.16 3 0
github.com/aaqaishtyaq/gmux/config.go:91.2,91.29 1 0
github.com/aaqaishtyaq/gmux/config.go:99.2,99.20 1 0
github.com/aaqaishtyaq/gmux/config.go:87.16,89.3 1 0
github.com/aaqaishtyaq/gmux/config.go:91.29,93.25 2 0
github.com/aaqaishtyaq/gmux/config.go:96.3,96.68 1 0
github.com/aaqaishtyaq/gmux/config.go:93.25,94.12 1 0
github.com/aaqaishtyaq/gmux/context.go:9.30,13.2 3 4
github.com/aaqaishtyaq/gmux/executor.go:15.37,17.2 1 0
github.com/aaqaishtyaq/gmux/executor.go:28.62,29.21 1 2
github.com/aaqaishtyaq/gmux/executor.go:33.2,34.16 2 2
github.com/aaqaishtyaq/gmux/executor.go:42.2,42.54 1 1
github.com/aaqaishtyaq/gmux/executor.go:29.21,31.3 1 2
github.com/aaqaishtyaq/gmux/executor.go:34.16,35.22 1 1
github.com/aaqaishtyaq/gmux/executor.go:39.3,39.59 1 1
github.com/aaqaishtyaq/gmux/executor.go:35.22,37.4 1 1
github.com/aaqaishtyaq/gmux/executor.go:45.57,46.21 1 2
github.com/aaqaishtyaq/gmux/executor.go:50.2,51.16 2 2
github.com/aaqaishtyaq/gmux/executor.go:57.2,57.12 1 1
github.com/aaqaishtyaq/gmux/executor.go:46.21,48.3 1 2
github.com/aaqaishtyaq/gmux/executor.go:51.16,52.22 1 1
github.com/aaqaishtyaq/gmux/executor.go:55.3,55.55 1 1
github.com/aaqaishtyaq/gmux/executor.go:52.22,54.4 1 1
github.com/aaqaishtyaq/gmux/gmux.go:17.46,18.26 1 15
github.com/aaqaishtyaq/gmux/gmux.go:24.2,24.14 1 2
github.com/aaqaishtyaq/gmux/gmux.go:18.26,19.13 1 20
github.com/aaqaishtyaq/gmux/gmux.go:19.13,21.4 1 13
github.com/aaqaishtyaq/gmux/gmux.go:27.37,28.35 1 21
github.com/aaqaishtyaq/gmux/gmux.go:37.2,37.13 1 19
github.com/aaqaishtyaq/gmux/gmux.go:28.35,30.17 2 2
github.com/aaqaishtyaq/gmux/gmux.go:34.3,34.49 1 2
github.com/aaqaishtyaq/gmux/gmux.go:30.17,32.4 1 0
github.com/aaqaishtyaq/gmux/gmux.go:45.74,46.29 1 12
github.com/aaqaishtyaq/gmux/gmux.go:55.2,55.12 1 12
github.com/aaqaishtyaq/gmux/gmux.go:46.29,51.17 4 6
github.com/aaqaishtyaq/gmux/gmux.go:51.17,53.4 1 0
github.com/aaqaishtyaq/gmux/gmux.go:58.78,59.30 1 5
github.com/aaqaishtyaq/gmux/gmux.go:66.2,66.12 1 5
github.com/aaqaishtyaq/gmux/gmux.go:59.30,61.17 2 0
github.com/aaqaishtyaq/gmux/gmux.go:61.17,63.4 1 0
github.com/aaqaishtyaq/gmux/gmux.go:69.91,70.33 1 5
github.com/aaqaishtyaq/gmux/gmux.go:76.2,76.12 1 1
github.com/aaqaishtyaq/gmux/gmux.go:70.33,72.3 1 1
github.com/aaqaishtyaq/gmux/gmux.go:72.8,72.31 1 4
github.com/aaqaishtyaq/gmux/gmux.go:72.31,74.3 1 3
github.com/aaqaishtyaq/gmux/gmux.go:79.78,81.23 2 8
github.com/aaqaishtyaq/gmux/gmux.go:92.2,92.28 1 1
github.com/aaqaishtyaq/gmux/gmux.go:99.2,99.12 1 1
github.com/aaqaishtyaq/gmux/gmux.go:81.23,85.17 3 7
github.com/aaqaishtyaq/gmux/gmux.go:88.3,89.13 2 7
github.com/aaqaishtyaq/gmux/gmux.go:85.17,87.4 1 0
github.com/aaqaishtyaq/gmux/gmux.go:92.28,94.17 2 1
github.com/aaqaishtyaq/gmux/gmux.go:94.17,96.4 1 0
github.com/aaqaishtyaq/gmux/gmux.go:102.79,111.34 7 8
github.com/aaqaishtyaq/gmux/gmux.go:115.2,115.20 1 8
github.com/aaqaishtyaq/gmux/gmux.go:134.2,134.35 1 6
github.com/aaqaishtyaq/gmux/gmux.go:197.2,197.35 1 6
github.com/aaqaishtyaq/gmux/gmux.go:209.2,209.69 1 6
github.com/aaqaishtyaq/gmux/gmux.go:213.2,213.12 1 3
github.com/aaqaishtyaq/gmux/gmux.go:111.34,113.3 1 8
github.com/aaqaishtyaq/gmux/gmux.go:115.20,117.17 2 5
github.com/aaqaishtyaq/gmux/gmux.go:121.3,122.17 2 5
github.com/aaqaishtyaq/gmux/gmux.go:126.3,127.17 2 5
github.com/aaqaishtyaq/gmux/gmux.go:117.17,119.4 1 0
github.com/aaqaishtyaq/gmux/gmux.go:122.17,124.4 1 0
github.com/aaqaishtyaq/gmux/gmux.go:127.17,129.4 1 0
github.com/aaqaishtyaq/gmux/gmux.go:130.8,130.63 1 3
github.com/aaqaishtyaq/gmux/gmux.go:130.63,132.3 1 2
github.com/aaqaishtyaq/gmux/gmux.go:134.35,135.90 1 7
github.com/aaqaishtyaq/gmux/gmux.go:139.3,140.54 2 5
github.com/aaqaishtyaq/gmux/gmux.go:144.3,145.17 2 5
github.com/aaqaishtyaq/gmux/gmux.go:149.3,149.32 1 5
github.com/aaqaishtyaq/gmux/gmux.go:156.3,156.34 1 5
github.com/aaqaishtyaq/gmux/gmux.go:184.3,185.17 2 5
github.com/aaqaishtyaq/gmux/gmux.go:191.3,192.17 2 5
github.com/aaqaishtyaq/gmux/gmux.go:135.90,136.12 1 2
github.com/aaqaishtyaq/gmux/gmux.go:140.54,142.4 1 5
github.com/aaqaishtyaq/gmux/gmux.go:145.17,147.4 1 0
github.com/aaqaishtyaq/gmux/gmux.go:149.32,151.18 2 1
github.com/aaqaishtyaq/gmux/gmux.go:151.18,153.5 1 0
github.com/aaqaishtyaq/gmux/gmux.go:156.34,158.49 2 1
github.com/aaqaishtyaq/gmux/gmux.go:162.4,164.18 2 1
github.com/aaqaishtyaq/gmux/gmux.go:168.4,168.33 1 1
github.com/aaqaishtyaq/gmux/gmux.go:175.4,175.43 1 1
github.com/aaqaishtyaq/gmux/gmux.go:158.49,160.5 1 1
github.com/aaqaishtyaq/gmux/gmux.go:164.18,166.5 1 0
github.com/aaqaishtyaq/gmux/gmux.go:168.33,170.19 2 1
github.com/aaqaishtyaq/gmux/gmux.go:170.19,172.6 1 0
github.com/aaqaishtyaq/gmux/gmux.go:175.43,177.19 2 0
github.com/aaqaishtyaq/gmux/gmux.go:177.19,179.6 1 0
github.com/aaqaishtyaq/gmux/gmux.go:186.67,186.67 0 1
github.com/aaqaishtyaq/gmux/gmux.go:187.11,188.27 1 4
github.com/aaqaishtyaq/gmux/gmux.go:192.17,194.4 1 0
github.com/aaqaishtyaq/gmux/gmux.go:197.35,199.17 2 5
github.com/aaqaishtyaq/gmux/gmux.go:203.3,204.17 2 5
github.com/aaqaishtyaq/gmux/gmux.go:199.17,201.4 1 0
github.com/aaqaishtyaq/gmux/gmux.go:204.17,206.4 1 0
github.com/aaqaishtyaq/gmux/gmux.go:209.69,211.3 1 3
github.com/aaqaishtyaq/gmux/gmux.go:216.89,220.16 3 1
github.com/aaqaishtyaq/gmux/gmux.go:223.2,226.16 3 1
github.com/aaqaishtyaq/gmux/gmux.go:230.2,230.32 1 1
github.com/aaqaishtyaq/gmux/gmux.go:255.2,255.20 1 1
github.com/aaqaishtyaq/gmux/gmux.go:220.16,222.3 1 0
github.com/aaqaishtyaq/gmux/gmux.go:226.16,228.3 1 0
github.com/aaqaishtyaq/gmux/gmux.go:230.32,232.17 2 1
github.com/aaqaishtyaq/gmux/gmux.go:236.3,237.31 2 1
github.com/aaqaishtyaq/gmux/gmux.go:247.3,252.5 1 1
github.com/aaqaishtyaq/gmux/gmux.go:232.17,234.4 1 0
github.com/aaqaishtyaq/gmux/gmux.go:237.31,239.22 2 2
github.com/aaqaishtyaq/gmux/gmux.go:242.4,244.6 1 2
github.com/aaqaishtyaq/gmux/gmux.go:239.22,241.5 1 1
github.com/aaqaishtyaq/gmux/main.go:49.13,50.51 1 0
github.com/aaqaishtyaq/gmux/main.go:55.2,55.20 1 0
github.com/aaqaishtyaq/gmux/main.go:59.2,59.16 1 0
github.com/aaqaishtyaq/gmux/main.go:68.2,71.26 3 0
github.com/aaqaishtyaq/gmux/main.go:77.2,78.19 2 0
github.com/aaqaishtyaq/gmux/main.go:86.2,91.25 5 0
github.com/aaqaishtyaq/gmux/main.go:50.51,53.3 2 0
github.com/aaqaishtyaq/gmux/main.go:55.20,57.3 1 0
github.com/aaqaishtyaq/gmux/main.go:59.16,66.3 2 0
github.com/aaqaishtyaq/gmux/main.go:71.26,73.3 1 0
github.com/aaqaishtyaq/gmux/main.go:73.8,75.3 1 0
github.com/aaqaishtyaq/gmux/main.go:78.19,80.17 2 0
github.com/aaqaishtyaq/gmux/main.go:83.3,83.35 1 0
github.com/aaqaishtyaq/gmux/main.go:80.17,82.4 1 0
github.com/aaqaishtyaq/gmux/main.go:92.20,93.32 1 0
github.com/aaqaishtyaq/gmux/main.go:98.3,99.17 2 0
github.com/aaqaishtyaq/gmux/main.go:104.3,105.17 2 0
github.com/aaqaishtyaq/gmux/main.go:111.19,112.32 1 0
github.com/aaqaishtyaq/gmux/main.go:117.3,118.17 2 0
github.com/aaqaishtyaq/gmux/main.go:123.3,124.17 2 0
github.com/aaqaishtyaq/gmux/main.go:129.31,131.17 2 0
github.com/aaqaishtyaq/gmux/main.go:135.19,137.17 2 0
github.com/aaqaishtyaq/gmux/main.go:142.3,142.43 1 0
github.com/aaqaishtyaq/gmux/main.go:143.20,145.17 2 0
github.com/aaqaishtyaq/gmux/main.go:150.3,151.17 2 0
github.com/aaqaishtyaq/gmux/main.go:156.3,156.25 1 0
github.com/aaqaishtyaq/gmux/main.go:93.32,95.4 1 0
github.com/aaqaishtyaq/gmux/main.go:95.9,97.4 1 0
github.com/aaqaishtyaq/gmux/main.go:99.17,102.4 2 0
github.com/aaqaishtyaq/gmux/main.go:105.17,109.4 3 0
github.com/aaqaishtyaq/gmux/main.go:112.32,114.4 1 0
github.com/aaqaishtyaq/gmux/main.go:114.9,116.4 1 0
github.com/aaqaishtyaq/gmux/main.go:118.17,121.4 2 0
github.com/aaqaishtyaq/gmux/main.go:124.17,127.4 2 0
github.com/aaqaishtyaq/gmux/main.go:131.17,134.4 2 0
github.com/aaqaishtyaq/gmux/main.go:137.17,140.4 2 0
github.com/aaqaishtyaq/gmux/main.go:145.17,148.4 2 0
github.com/aaqaishtyaq/gmux/main.go:151.17,154.4 2 0
github.com/aaqaishtyaq/gmux/options.go:46.50,49.2 2 0
github.com/aaqaishtyaq/gmux/options.go:51.73,52.20 1 15
github.com/aaqaishtyaq/gmux/options.go:57.2,57.44 1 14
github.com/aaqaishtyaq/gmux/options.go:62.2,63.35 2 13
github.com/aaqaishtyaq/gmux/options.go:68.2,79.26 9 12
github.com/aaqaishtyaq/gmux/options.go:83.2,83.16 1 11
github.com/aaqaishtyaq/gmux/options.go:87.2,88.36 2 10
github.com/aaqaishtyaq/gmux/options.go:92.2,92.36 1 10
github.com/aaqaishtyaq/gmux/options.go:99.2,101.27 3 10
github.com/aaqaishtyaq/gmux/options.go:111.2,121.8 1 10
github.com/aaqaishtyaq/gmux/options.go:52.20,55.3 2 1
github.com/aaqaishtyaq/gmux/options.go:57.44,60.3 2 1
github.com/aaqaishtyaq/gmux/options.go:63.35,66.3 2 1
github.com/aaqaishtyaq/gmux/options.go:79.26,81.3 1 1
github.com/aaqaishtyaq/gmux/options.go:83.16,85.3 1 1
github.com/aaqaishtyaq/gmux/options.go:88.36,90.3 1 6
github.com/aaqaishtyaq/gmux/options.go:92.36,97.3 4 1
github.com/aaqaishtyaq/gmux/options.go:101.27,102.35 1 8
github.com/aaqaishtyaq/gmux/options.go:102.35,104.18 2 12
github.com/aaqaishtyaq/gmux/options.go:107.4,107.25 1 6
github.com/aaqaishtyaq/gmux/options.go:104.18,105.13 1 6
github.com/aaqaishtyaq/gmux/tmux.go:37.90,40.2 2 5
github.com/aaqaishtyaq/gmux/tmux.go:42.50,46.2 3 8
github.com/aaqaishtyaq/gmux/tmux.go:48.50,52.2 3 6
github.com/aaqaishtyaq/gmux/tmux.go:54.85,58.2 2 5
github.com/aaqaishtyaq/gmux/tmux.go:60.64,63.2 2 2
github.com/aaqaishtyaq/gmux/tmux.go:65.96,73.2 5 3
github.com/aaqaishtyaq/gmux/tmux.go:75.55,79.2 3 5
github.com/aaqaishtyaq/gmux/tmux.go:81.92,84.19 2 1
github.com/aaqaishtyaq/gmux/tmux.go:91.2,96.16 4 1
github.com/aaqaishtyaq/gmux/tmux.go:100.2,100.18 1 1
github.com/aaqaishtyaq/gmux/tmux.go:85.14,86.28 1 0
github.com/aaqaishtyaq/gmux/tmux.go:87.14,88.28 1 1
github.com/aaqaishtyaq/gmux/tmux.go:96.16,98.3 1 0
github.com/aaqaishtyaq/gmux/tmux.go:103.81,106.2 2 5
github.com/aaqaishtyaq/gmux/tmux.go:108.82,111.2 2 0
github.com/aaqaishtyaq/gmux/tmux.go:113.61,116.2 2 7
github.com/aaqaishtyaq/gmux/tmux.go:118.52,121.2 2 1
github.com/aaqaishtyaq/gmux/tmux.go:123.48,128.16 3 1
github.com/aaqaishtyaq/gmux/tmux.go:132.2,132.25 1 1
github.com/aaqaishtyaq/gmux/tmux.go:128.16,130.3 1 0
github.com/aaqaishtyaq/gmux/tmux.go:135.67,140.16 4 1
github.com/aaqaishtyaq/gmux/tmux.go:144.2,146.32 2 1
github.com/aaqaishtyaq/gmux/tmux.go:157.2,157.21 1 1
github.com/aaqaishtyaq/gmux/tmux.go:140.16,142.3 1 0
github.com/aaqaishtyaq/gmux/tmux.go:146.32,155.3 3 1
github.com/aaqaishtyaq/gmux/tmux.go:161.63,167.16 4 1
github.com/aaqaishtyaq/gmux/tmux.go:171.2,173.30 2 1
github.com/aaqaishtyaq/gmux/tmux.go:182.2,182.19 1 1
github.com/aaqaishtyaq/gmux/tmux.go:167.16,169.3 1 0
github.com/aaqaishtyaq/gmux/tmux.go:173.30,180.3 3 2
